Another minute Date is: Date is Sun Jan 30 19:30:00 JST 2022
Another minute Date is: Date is Sun Jan 30 19:31:00 JST 2022
Another minute Date is: Date is Sun Jan 30 19:32:00 JST 2022
Another minute Date is: Date is Sun Jan 30 19:33:00 JST 2022
it is 20 minutes past the hour!
/bin/sh: ecsdfho: command not found
/bin/sh: ecsdfho: command not found
/bin/sh: ecsdfho: command not found
/bin/sh: ecsdfho: command not found
/bin/sh: ecsdfho: command not found
45-50 date is Sun Jan 30 19:45:00 JST 2022
/bin/sh: ecsdfho: command not found
45-50 date is Sun Jan 30 19:46:00 JST 2022
/bin/sh: ecsdfho: command not found
45-50 date is Sun Jan 30 19:47:00 JST 2022
Another minute Date is: Date is Sun Jan 30 19:47:00 JST 2022
45-50 date is Sun Jan 30 19:48:00 JST 2022
I print 2 minutes ! Sun Jan 30 19:48:00 JST 2022
Another minute Date is: Date is Sun Jan 30 19:48:00 JST 2022
Another minute Date is: Date is Sun Jan 30 19:49:00 JST 2022
45-50 date is Sun Jan 30 19:49:00 JST 2022
I print 2 minutes ! Sun Jan 30 19:50:00 JST 2022
45-50 date is Sun Jan 30 19:50:00 JST 2022
Another minute Date is: Date is Sun Jan 30 19:50:00 JST 2022
Another minute Date is: Date is Sun Jan 30 19:51:00 JST 2022
I print 2 minutes ! Sun Jan 30 19:52:00 JST 2022
Another minute Date is: Date is Sun Jan 30 19:52:00 JST 2022
Another minute Date is: Date is Sun Jan 30 19:53:00 JST 2022
I print 2 minutes ! Sun Jan 30 19:54:00 JST 2022
Another minute Date is: Date is Sun Jan 30 19:54:00 JST 2022
Another minute Date is: Date is Sun Jan 30 19:55:00 JST 2022
I print 2 minutes ! Sun Jan 30 19:56:00 JST 2022
Another minute Date is: Date is Sun Jan 30 19:56:00 JST 2022
Another minute Date is: Date is Sun Jan 30 19:57:01 JST 2022
I print 2 minutes ! Sun Jan 30 19:58:00 JST 2022
Another minute Date is: Date is Sun Jan 30 19:58:00 JST 2022
Another minute Date is: Date is Sun Jan 30 19:59:00 JST 2022
Another minute Date is: Date is Sun Jan 30 20:00:00 JST 2022
I print 2 minutes ! Sun Jan 30 20:00:00 JST 2022
Another minute Date is: Date is Sun Jan 30 20:01:00 JST 2022
I print 2 minutes ! Sun Jan 30 20:02:00 JST 2022
Another minute Date is: Date is Sun Jan 30 20:02:00 JST 2022
Another minute Date is: Date is Sun Jan 30 20:03:00 JST 2022
I print 2 minutes ! Sun Jan 30 20:04:00 JST 2022
Another minute Date is: Date is Sun Jan 30 20:04:00 JST 2022
Another minute Date is: Date is Sun Jan 30 20:05:00 JST 2022
I print 2 minutes ! Sun Jan 30 20:06:00 JST 2022
Another minute Date is: Date is Sun Jan 30 20:06:00 JST 2022
Another minute Date is: Date is Sun Jan 30 20:07:00 JST 2022
Another minute Date is: Date is Sun Jan 30 20:08:00 JST 2022
I print 2 minutes ! Sun Jan 30 20:08:00 JST 2022
Another minute Date is: Date is Sun Jan 30 20:09:00 JST 2022
I print 2 minutes ! Sun Jan 30 20:10:00 JST 2022
Another minute Date is: Date is Sun Jan 30 20:10:00 JST 2022
Another minute Date is: Date is Sun Jan 30 20:11:01 JST 2022
I print 2 minutes ! Sun Jan 30 20:12:00 JST 2022
Another minute Date is: Date is Sun Jan 30 20:12:00 JST 2022
Another minute Date is: Date is Sun Jan 30 20:13:00 JST 2022
/bin/bash: /Users/matsutanishoutarou/Desktop/shellscripts/backup.sh: Operation not permitted
Another minute Date is: Date is Sun Jan 30 20:14:00 JST 2022
I print 2 minutes ! Sun Jan 30 20:14:00 JST 2022
/bin/bash: /Users/matsutanishoutarou/Desktop/shellscripts/backup.sh: Operation not permitted
/bin/bash: /Users/matsutanishoutarou/Desktop/shellscripts/backup.sh: Operation not permitted
Another minute Date is: Date is Sun Jan 30 20:15:00 JST 2022
/bin/bash: /Users/matsutanishoutarou/Desktop/shellscripts/backup.sh: Operation not permitted
I print 2 minutes ! Sun Jan 30 20:16:00 JST 2022
Another minute Date is: Date is Sun Jan 30 20:16:00 JST 2022
/bin/bash: /Users/matsutanishoutarou/Desktop/shellscripts/backup.sh: Operation not permitted
Another minute Date is: Date is Sun Jan 30 20:17:00 JST 2022
